
<div style="border:1px solid #990000;padding-left:20px;margin:0 0 10px 0;">

<h4>A PHP Error was encountered</h4>

<p>Severity: Warning</p>
<p>Message:  Invalid argument supplied for foreach()</p>
<p>Filename: controllers/Main.php</p>
<p>Line Number: 558</p>


	<p>Backtrace:</p>
	
		
	
		
	
		
			<p style="margin-left:10px">
			File: /var/www/html/pruebas/advanzer/application/controllers/Main.php<br />
			Line: 558<br />
			Function: _error_handler			</p>

		
	
		
	
		
	
		
			<p style="margin-left:10px">
			File: /var/www/html/pruebas/advanzer/index.php<br />
			Line: 292<br />
			Function: require_once			</p>

		
	

</div>2015-11-14 01:30:01 - Succesfully executed with no activity.




<div style="border:1px solid #990000;padding-left:20px;margin:0 0 10px 0;">

<h4>A PHP Error was encountered</h4>

<p>Severity: Warning</p>
<p>Message:  Invalid argument supplied for foreach()</p>
<p>Filename: controllers/Main.php</p>
<p>Line Number: 558</p>


	<p>Backtrace:</p>
	
		
	
		
	
		
			<p style="margin-left:10px">
			File: /var/www/html/pruebas/advanzer/application/controllers/Main.php<br />
			Line: 558<br />
			Function: _error_handler			</p>

		
	
		
	
		
	
		
			<p style="margin-left:10px">
			File: /var/www/html/pruebas/advanzer/index.php<br />
			Line: 292<br />
			Function: require_once			</p>

		
	

</div>2015-11-15 01:30:01 - Succesfully executed with no activity.




<div style="border:1px solid #990000;padding-left:20px;margin:0 0 10px 0;">

<h4>A PHP Error was encountered</h4>

<p>Severity: Warning</p>
<p>Message:  Invalid argument supplied for foreach()</p>
<p>Filename: controllers/Main.php</p>
<p>Line Number: 558</p>


	<p>Backtrace:</p>
	
		
	
		
	
		
			<p style="margin-left:10px">
			File: /var/www/html/pruebas/advanzer/application/controllers/Main.php<br />
			Line: 558<br />
			Function: _error_handler			</p>

		
	
		
	
		
	
		
			<p style="margin-left:10px">
			File: /var/www/html/pruebas/advanzer/index.php<br />
			Line: 292<br />
			Function: require_once			</p>

		
	

</div>2015-11-16 01:30:02 - Succesfully executed with no activity.




<div style="border:1px solid #990000;padding-left:20px;margin:0 0 10px 0;">

<h4>A PHP Error was encountered</h4>

<p>Severity: Warning</p>
<p>Message:  Invalid argument supplied for foreach()</p>
<p>Filename: controllers/Main.php</p>
<p>Line Number: 558</p>


	<p>Backtrace:</p>
	
		
	
		
	
		
			<p style="margin-left:10px">
			File: /var/www/html/pruebas/advanzer/application/controllers/Main.php<br />
			Line: 558<br />
			Function: _error_handler			</p>

		
	
		
	
		
	
		
			<p style="margin-left:10px">
			File: /var/www/html/pruebas/advanzer/index.php<br />
			Line: 292<br />
			Function: require_once			</p>

		
	

</div>2015-11-17 01:30:01 - Succesfully executed with no activity.




<div style="border:1px solid #990000;padding-left:20px;margin:0 0 10px 0;">

<h4>A PHP Error was encountered</h4>

<p>Severity: Warning</p>
<p>Message:  Invalid argument supplied for foreach()</p>
<p>Filename: controllers/Main.php</p>
<p>Line Number: 558</p>


	<p>Backtrace:</p>
	
		
	
		
	
		
			<p style="margin-left:10px">
			File: /var/www/html/pruebas/advanzer/application/controllers/Main.php<br />
			Line: 558<br />
			Function: _error_handler			</p>

		
	
		
	
		
	
		
			<p style="margin-left:10px">
			File: /var/www/html/pruebas/advanzer/index.php<br />
			Line: 292<br />
			Function: require_once			</p>

		
	

</div>2015-11-18 01:30:01 - Succesfully executed with no activity.




<div style="border:1px solid #990000;padding-left:20px;margin:0 0 10px 0;">

<h4>A PHP Error was encountered</h4>

<p>Severity: Warning</p>
<p>Message:  Invalid argument supplied for foreach()</p>
<p>Filename: controllers/Main.php</p>
<p>Line Number: 558</p>


	<p>Backtrace:</p>
	
		
	
		
	
		
			<p style="margin-left:10px">
			File: /var/www/html/pruebas/advanzer/application/controllers/Main.php<br />
			Line: 558<br />
			Function: _error_handler			</p>

		
	
		
	
		
	
		
			<p style="margin-left:10px">
			File: /var/www/html/pruebas/advanzer/index.php<br />
			Line: 292<br />
			Function: require_once			</p>

		
	

</div>2015-11-19 01:30:01 - Succesfully executed with no activity.




<div style="border:1px solid #990000;padding-left:20px;margin:0 0 10px 0;">

<h4>A PHP Error was encountered</h4>

<p>Severity: Warning</p>
<p>Message:  Invalid argument supplied for foreach()</p>
<p>Filename: controllers/Main.php</p>
<p>Line Number: 558</p>


	<p>Backtrace:</p>
	
		
	
		
	
		
			<p style="margin-left:10px">
			File: /var/www/html/pruebas/advanzer/application/controllers/Main.php<br />
			Line: 558<br />
			Function: _error_handler			</p>

		
	
		
	
		
	
		
			<p style="margin-left:10px">
			File: /var/www/html/pruebas/advanzer/index.php<br />
			Line: 292<br />
			Function: require_once			</p>

		
	

</div>2015-11-20 01:30:01 - Succesfully executed with no activity.




<div style="border:1px solid #990000;padding-left:20px;margin:0 0 10px 0;">

<h4>A PHP Error was encountered</h4>

<p>Severity: Warning</p>
<p>Message:  Invalid argument supplied for foreach()</p>
<p>Filename: controllers/Main.php</p>
<p>Line Number: 558</p>


	<p>Backtrace:</p>
	
		
	
		
	
		
			<p style="margin-left:10px">
			File: /var/www/html/pruebas/advanzer/application/controllers/Main.php<br />
			Line: 558<br />
			Function: _error_handler			</p>

		
	
		
	
		
	
		
			<p style="margin-left:10px">
			File: /var/www/html/pruebas/advanzer/index.php<br />
			Line: 292<br />
			Function: require_once			</p>

		
	

</div>2015-11-21 01:30:01 - Succesfully executed with no activity.




<div style="border:1px solid #990000;padding-left:20px;margin:0 0 10px 0;">

<h4>A PHP Error was encountered</h4>

<p>Severity: Warning</p>
<p>Message:  Invalid argument supplied for foreach()</p>
<p>Filename: controllers/Main.php</p>
<p>Line Number: 558</p>


	<p>Backtrace:</p>
	
		
	
		
	
		
			<p style="margin-left:10px">
			File: /var/www/html/pruebas/advanzer/application/controllers/Main.php<br />
			Line: 558<br />
			Function: _error_handler			</p>

		
	
		
	
		
	
		
			<p style="margin-left:10px">
			File: /var/www/html/pruebas/advanzer/index.php<br />
			Line: 292<br />
			Function: require_once			</p>

		
	

</div>2015-11-22 01:30:01 - Succesfully executed with no activity.




<div style="border:1px solid #990000;padding-left:20px;margin:0 0 10px 0;">

<h4>A PHP Error was encountered</h4>

<p>Severity: Warning</p>
<p>Message:  Invalid argument supplied for foreach()</p>
<p>Filename: controllers/Main.php</p>
<p>Line Number: 558</p>


	<p>Backtrace:</p>
	
		
	
		
	
		
			<p style="margin-left:10px">
			File: /var/www/html/pruebas/advanzer/application/controllers/Main.php<br />
			Line: 558<br />
			Function: _error_handler			</p>

		
	
		
	
		
	
		
			<p style="margin-left:10px">
			File: /var/www/html/pruebas/advanzer/index.php<br />
			Line: 292<br />
			Function: require_once			</p>

		
	

</div>2015-11-23 01:30:38 - Succesfully executed with activity:


Evaluation: 'Evaluaci칩n Anual' with id: 1




2015-11-24 01:30:01 - Succesfully executed with no activity.



2015-11-25 01:30:01 - Succesfully executed with no activity.



2015-11-26 01:30:01 - Succesfully executed with no activity.



2015-11-27 01:30:02 - Succesfully executed with no activity.



2015-11-28 01:30:01 - Succesfully executed with no activity.



2015-11-29 01:30:01 - Succesfully executed with no activity.



2015-11-30 01:30:01 - Succesfully executed with no activity.



2015-12-01 01:30:01 - Succesfully executed with no activity.



2015-12-02 01:30:01 - Succesfully executed with no activity.



2015-12-03 01:30:35 - Succesfully executed with activity:


Evaluation: 'Evaluaci칩n de desempe침o 2015' with id: 1




2015-12-04 01:30:01 - Succesfully executed with no activity.



2015-12-05 01:30:01 - Succesfully executed with no activity.



2015-12-06 01:30:01 - Succesfully executed with no activity.



2015-12-07 01:30:01 - Succesfully executed with no activity.



2015-12-08 01:30:01 - Succesfully executed with no activity.



2015-12-09 01:30:01 - Succesfully executed with no activity.



2015-12-10 01:30:01 - Succesfully executed with no activity.



2015-12-11 01:30:01 - Succesfully executed with no activity.



2015-12-12 01:30:01 - Succesfully executed with no activity.



2015-12-13 01:30:01 - Succesfully executed with no activity.



2015-12-15 01:30:01 - Succesfully executed with no activity.



2015-12-16 01:30:02 - Succesfully executed with no activity.



2015-12-17 01:30:01 - Succesfully executed with no activity.




<div style="border:1px solid #990000;padding-left:20px;margin:0 0 10px 0;">

<h4>A PHP Error was encountered</h4>

<p>Severity: Notice</p>
<p>Message:  Trying to get property of non-object</p>
<p>Filename: controllers/Main.php</p>
<p>Line Number: 559</p>


	<p>Backtrace:</p>
	
		
	
		
	
		
			<p style="margin-left:10px">
			File: /var/www/html/pruebas/advanzer/application/controllers/Main.php<br />
			Line: 559<br />
			Function: _error_handler			</p>

		
	
		
	
		
	
		
			<p style="margin-left:10px">
			File: /var/www/html/pruebas/advanzer/index.php<br />
			Line: 292<br />
			Function: require_once			</p>

		
	

</div>2015-12-18 01:30:04 - Succesfully executed with activity:


Evaluation: 'Proyecto Anual' with id: 2
	Mail sent to project leader2015-12-18 01:31:22 - Succesfully executed with activity:


Evaluation: 'Desempe침o Anual 2015' with id: 1




2015-12-19 01:30:01 - Succesfully executed with no activity.



2015-12-20 01:30:01 - Succesfully executed with no activity.



2015-12-21 01:30:01 - Succesfully executed with no activity.



2015-12-22 01:30:01 - Succesfully executed with no activity.



