2015-11-16 01:10:01 - Succesfully executed with no activity.


<div style="border:1px solid #990000;padding-left:20px;margin:0 0 10px 0;">

<h4>A PHP Error was encountered</h4>

<p>Severity: Notice</p>
<p>Message:  Trying to get property of non-object</p>
<p>Filename: controllers/Main.php</p>
<p>Line Number: 543</p>


	<p>Backtrace:</p>
	
		
	
		
	
		
			<p style="margin-left:10px">
			File: /var/www/html/pruebas/advanzer/application/controllers/Main.php<br />
			Line: 543<br />
			Function: _error_handler			</p>

		
	
		
	
		
	
		
			<p style="margin-left:10px">
			File: /var/www/html/pruebas/advanzer/index.php<br />
			Line: 292<br />
			Function: require_once			</p>

		
	

</div>2015-11-23 01:10:03 - Succesfully executed with activity:
Evaluation: 'Evaluación Anual' with id: 1


2015-11-30 01:10:02 - Succesfully executed with no activity.

2015-12-07 01:10:01 - Succesfully executed with no activity.

2015-12-21 01:10:01 - Succesfully executed with no activity.

